<?xml version="1.0" encoding="UTF-8"?>
<!-- Generated by org.testng.reporters.JUnitReportReporter -->
<testsuite skipped="0" hostname="hp-PC" name="testNG.FB_Login" tests="1" failures="0" timestamp="2020-06-13T20:52:41 ICT" time="3.860" errors="0">
  <testcase name="f" time="3.860" classname="testNG.FB_Login"/>
</testsuite> <!-- testNG.FB_Login -->
