<?xml version="1.0" encoding="UTF-8"?>
<!-- Generated by org.testng.reporters.JUnitReportReporter -->
<testsuite skipped="0" hostname="Com-18-1208-W10" name="testNG.banners.clients.TC02" tests="1" failures="0" timestamp="2019-12-19T16:41:23 ICT" time="12.691" errors="0">
  <testcase name="TC_JOOMLA_BANNERS_CLIENTS_002" time="12.691" classname="testNG.banners.clients.TC02"/>
</testsuite> <!-- testNG.banners.clients.TC02 -->
