<?xml version="1.0" encoding="UTF-8"?>
<!-- Generated by org.testng.reporters.JUnitReportReporter -->
<testsuite skipped="0" hostname="hp-PC" name="testNG.FB_Login" tests="1" failures="0" timestamp="2020-06-13T21:35:51 ICT" time="17.258" errors="0">
  <testcase name="f" time="17.258" classname="testNG.FB_Login"/>
</testsuite> <!-- testNG.FB_Login -->
