<?xml version="1.0" encoding="UTF-8"?>
<!-- Generated by org.testng.reporters.JUnitReportReporter -->
<testsuite skipped="0" hostname="Com-18-1208-W10" name="testNG.weblinks.TC01" tests="1" failures="0" timestamp="2019-12-19T16:41:04 ICT" time="16.429" errors="0">
  <testcase name="TC_JOOMLA_WEBLINKS_001" time="16.429" classname="testNG.weblinks.TC01"/>
</testsuite> <!-- testNG.weblinks.TC01 -->
